# project noname (1.0) configured on Wed Feb  5 15:33:15 2020 by
# waf 1.5.16 (abi 7, python 20711f0 on linux2)
# using /home/joseph/ns-3/source/openflow-ns-3.25/waf configure --prefix=/home/joseph/ns-3/build
#

----------------------------------------
Checking for program gcc or cc
  find program=['gcc', 'cc'] paths=[] var='CC'
  -> '/usr/bin/gcc'

----------------------------------------
Checking for program cpp
  find program=['cpp'] paths=[] var='CPP'
  -> '/usr/bin/cpp'

----------------------------------------
Checking for program ar
  find program=['ar'] paths=[] var='AR'
  -> '/usr/bin/ar'

----------------------------------------
Checking for program ranlib
  find program=['ranlib'] paths=[] var='RANLIB'
  -> '/usr/bin/ranlib'

----------------------------------------
Checking for gcc 
ok 
